{
  "stats": {
    "suites": 1,
    "tests": 1,
    "passes": 0,
    "pending": 0,
    "failures": 1,
    "start": "2023-04-25T10:28:19.691Z",
    "end": "2023-04-25T10:30:18.741Z",
    "duration": 119050,
    "testsRegistered": 1,
    "passPercent": 0,
    "pendingPercent": 0,
    "other": 0,
    "hasOther": false,
    "skipped": 0,
    "hasSkipped": false
  },
  "results": [
    {
      "uuid": "b9c7ddcd-070c-468f-a3db-6021a2a35f94",
      "title": "",
      "fullFile": "cypress/e2e/RBLTNG-1233_RBLTNG-1243.cy.js",
      "file": "cypress/e2e/RBLTNG-1233_RBLTNG-1243.cy.js",
      "beforeHooks": [],
      "afterHooks": [],
      "tests": [],
      "suites": [
        {
          "uuid": "73064701-d720-496f-b20f-c391d640adcd",
          "title": "RBLTNG-1233_RBLTNG-1243",
          "fullFile": "",
          "file": "",
          "beforeHooks": [],
          "afterHooks": [],
          "tests": [
            {
              "title": "AK1_AK2_AK3_AK4___AK2_AK3",
              "fullTitle": "RBLTNG-1233_RBLTNG-1243 AK1_AK2_AK3_AK4___AK2_AK3",
              "timedOut": null,
              "duration": 57812,
              "state": "failed",
              "speed": null,
              "pass": false,
              "fail": true,
              "pending": false,
              "context": "\"assets/RBLTNG-1233_RBLTNG-1243.cy.js/RBLTNG-1233_RBLTNG-1243 -- AK1_AK2_AK3_AK4___AK2_AK3 (failed) (attempt 2).png\"",
              "code": "// Application URL should be accessible\ncy.visit(`${Cypress.config().baseUrl}/?`);\ncy.intercept({\n  method: 'POST',\n  path: '/api/v1'\n}).as('apiCheck1');\ncy.get('.websso-btn').click();\ncy.wait('@apiCheck1').then(({\n  response\n}) => {\n  expect(response.statusCode).to.eq(200);\n  FirstName = response.body.data.login.firstname;\n  LastName = response.body.data.login.lastname;\n  if (FirstName == '' || LastName == '') {\n    throw new Error(\"No User assigned\");\n  } else {\n    cy.log('User assigned is ' + FirstName + ' ' + LastName);\n  }\n  // cy.log(JSON.stringify(response.body.data.login.expirationTimestamp))\n  SessionexpirationTimestamp = response.body.data.login.expirationTimestamp;\n  const c = new Date(SessionexpirationTimestamp);\n  cy.log('Session expiration Timestamp is ' + c.toISOString());\n  refreshExpirationTimestamp = response.body.data.login.refreshExpirationTimestamp;\n  const d = new Date(refreshExpirationTimestamp);\n  cy.log('Refresh Expiration Timestamp is' + d.toISOString());\n  // const e = new Date(Date.now())\n  // cy.log(e.toISOString())\n  controlPointLocation = JSON.stringify(response.body.data.login.controlPointLocation);\n  if (controlPointLocation == '') {\n    throw new Error(\"No Leitstelle assigned to the user. Please check.\");\n  } else {\n    cy.log('The Leitstelle which the user assigned is' + controlPointLocation);\n  }\n});\ncy.get(\"[data-cy='SvgArrowDown']\").eq(0).click();\ncy.contains('Abmelden').click();\ncy.get('#usr-msg').should('contain', 'Erfolgreich abgemeldet');",
              "err": {
                "message": "AssertionError: Timed out retrying after 50000ms: Expected to find element: `[data-cy='SvgArrowDown']`, but never found it.",
                "estack": "AssertionError: Timed out retrying after 50000ms: Expected to find element: `[data-cy='SvgArrowDown']`, but never found it.\n    at Context.eval (webpack:///./cypress/e2e/RBLTNG-1233_RBLTNG-1243.cy.js:98:7)",
                "diff": null
              },
              "uuid": "04561b26-f860-48ba-92c4-9a8732d2812f",
              "parentUUID": "73064701-d720-496f-b20f-c391d640adcd",
              "isHook": false,
              "skipped": false
            }
          ],
          "suites": [],
          "passes": [],
          "failures": [
            "04561b26-f860-48ba-92c4-9a8732d2812f"
          ],
          "pending": [],
          "skipped": [],
          "duration": 57812,
          "root": false,
          "rootEmpty": false,
          "_timeout": 2000
        }
      ],
      "passes": [],
      "failures": [],
      "pending": [],
      "skipped": [],
      "duration": 0,
      "root": true,
      "rootEmpty": true,
      "_timeout": 2000
    }
  ],
  "meta": {
    "mocha": {
      "version": "7.0.1"
    },
    "mochawesome": {
      "options": {
        "quiet": false,
        "reportFilename": "report",
        "saveHtml": true,
        "saveJson": true,
        "consoleReporter": "spec",
        "useInlineDiffs": false,
        "code": true
      },
      "version": "7.1.3"
    },
    "marge": {
      "options": {
        "charts": true,
        "reportDir": "cypress/results",
        "reportFilename": "report",
        "overwrite": false,
        "html": true,
        "json": true,
        "embeddedScreenshots": true,
        "inlineAssets": true
      },
      "version": "6.2.0"
    }
  }
}