{
  "stats": {
    "suites": 1,
    "tests": 1,
    "passes": 0,
    "pending": 0,
    "failures": 1,
    "start": "2023-04-25T10:30:25.904Z",
    "end": "2023-04-25T10:31:03.357Z",
    "duration": 37453,
    "testsRegistered": 1,
    "passPercent": 0,
    "pendingPercent": 0,
    "other": 0,
    "hasOther": false,
    "skipped": 0,
    "hasSkipped": false
  },
  "results": [
    {
      "uuid": "f1050bf3-7e8f-453e-afb6-f2a076d2794b",
      "title": "",
      "fullFile": "cypress/e2e/RBLTNG-1322.cy.js",
      "file": "cypress/e2e/RBLTNG-1322.cy.js",
      "beforeHooks": [],
      "afterHooks": [],
      "tests": [],
      "suites": [
        {
          "uuid": "77d43233-beac-4209-81cf-34797a100e70",
          "title": "RBLTNG-1322",
          "fullFile": "",
          "file": "",
          "beforeHooks": [],
          "afterHooks": [],
          "tests": [
            {
              "title": "AK",
              "fullTitle": "RBLTNG-1322 AK",
              "timedOut": null,
              "duration": 7452,
              "state": "failed",
              "speed": null,
              "pass": false,
              "fail": true,
              "pending": false,
              "context": "\"assets/RBLTNG-1322.cy.js/RBLTNG-1322 -- AK (failed) (attempt 2).png\"",
              "code": "cy.visit(`${Cypress.config().baseUrl}/?`);\ncy.intercept({\n  method: 'POST',\n  path: '/api/v1'\n}).as('apiCheck1');\ncy.get('.websso-btn').click();\ncy.wait('@apiCheck1').then(({\n  response\n}) => {\n  expect(response.statusCode).to.eq(200);\n  controlPointLocation1 = response.body.data.login.controlPointLocation;\n  controlPointLocation = JSON.stringify(response.body.data.login.controlPointLocation);\n  if (controlPointLocation == '') {\n    throw new Error(\"No Leitstelle assigned to the user. Please check.\");\n  } else {\n    cy.log('The Leitstelle which the user assigned is ' + controlPointLocation);\n  }\n});\ncy.intercept({\n  method: 'POST',\n  path: '/api/v1'\n}).as('apiCheck2');\ncy.reload();\ncy.wait(10000);\ncy.wait('@apiCheck2'); // discard\ncy.wait('@apiCheck2').then(({\n  response\n}) => {\n  expect(response.statusCode).to.eq(200);\n  cy.contains('RBL TNG').should('exist');\n  cy.contains('Zugübersicht').should('exist');\n  TrainCount = response.body.data.trainOverview.length;\n  RandomTrainPick = Math.floor(Math.random() * TrainCount);\n  //   cy.log(RandomTrainPick)\n  cy.intercept({\n    method: 'POST',\n    path: '/api/v1'\n  }).as('apiCheck3');\n  // cy.get('.MuiTableCell-root.MuiTableCell-body.MuiTableCell-sizeMedium.css-ts71t2').eq(RandomTrainPick).click()\n  cy.get(\"[data-cy='SvgArrowRight']\").eq(RandomTrainPick).click();\n  cy.wait('@apiCheck3').then(({\n    response\n  }) => {\n    expect(response.statusCode).to.eq(200);\n    cy.contains('Kundenfahrplan').should('exist');\n    cy.contains('Betriebsfahrplan').should('exist');\n    TrainStelleCount = response.body.data.trainDetail.runway.customerStops.length;\n    if (TrainStelleCount == 0) {\n      throw new Error(\"check your Train Details\");\n    }\n  });\n});\ncy.get(\"[data-cy='SvgArrowDown']\").eq(0).click();\ncy.contains('Abmelden').click();\ncy.get('#usr-msg').should('contain', 'Erfolgreich abgemeldet');",
              "err": {
                "message": "CypressError: Timed out retrying after 5000ms: `cy.wait()` timed out waiting `5000ms` for the 1st request to the route: `apiCheck1`. No request ever occurred.\n\nhttps://on.cypress.io/wait",
                "estack": "CypressError: Timed out retrying after 5000ms: `cy.wait()` timed out waiting `5000ms` for the 1st request to the route: `apiCheck1`. No request ever occurred.\n\nhttps://on.cypress.io/wait\n    at cypressErr (https://rbl-tu1.rbl-test.comp.db.de/__cypress/runner/cypress_runner.js:154824:18)\n    at Object.errByPath (https://rbl-tu1.rbl-test.comp.db.de/__cypress/runner/cypress_runner.js:154879:10)\n    at checkForXhr (https://rbl-tu1.rbl-test.comp.db.de/__cypress/runner/cypress_runner.js:141777:92)\n    at <unknown> (https://rbl-tu1.rbl-test.comp.db.de/__cypress/runner/cypress_runner.js:141800:28)\n    at tryCatcher (https://rbl-tu1.rbl-test.comp.db.de/__cypress/runner/cypress_runner.js:8914:23)\n    at Promise.attempt.Promise.try (https://rbl-tu1.rbl-test.comp.db.de/__cypress/runner/cypress_runner.js:6188:29)\n    at whenStable (https://rbl-tu1.rbl-test.comp.db.de/__cypress/runner/cypress_runner.js:146742:65)\n    at <unknown> (https://rbl-tu1.rbl-test.comp.db.de/__cypress/runner/cypress_runner.js:146183:14)\n    at tryCatcher (https://rbl-tu1.rbl-test.comp.db.de/__cypress/runner/cypress_runner.js:8914:23)\n    at Promise._settlePromiseFromHandler (https://rbl-tu1.rbl-test.comp.db.de/__cypress/runner/cypress_runner.js:6849:31)\n    at Promise._settlePromise (https://rbl-tu1.rbl-test.comp.db.de/__cypress/runner/cypress_runner.js:6906:18)\n    at Promise._settlePromise0 (https://rbl-tu1.rbl-test.comp.db.de/__cypress/runner/cypress_runner.js:6951:10)\n    at Promise._settlePromises (https://rbl-tu1.rbl-test.comp.db.de/__cypress/runner/cypress_runner.js:7031:18)\n    at Promise._fulfill (https://rbl-tu1.rbl-test.comp.db.de/__cypress/runner/cypress_runner.js:6975:18)\n    at <unknown> (https://rbl-tu1.rbl-test.comp.db.de/__cypress/runner/cypress_runner.js:8589:46)\nFrom Your Spec Code:\n    at Context.eval (webpack:///./cypress/e2e/RBLTNG-1322.cy.js:43:4)",
                "diff": null
              },
              "uuid": "f0ad402e-0d99-44cb-8cb5-15c832c76e48",
              "parentUUID": "77d43233-beac-4209-81cf-34797a100e70",
              "isHook": false,
              "skipped": false
            }
          ],
          "suites": [],
          "passes": [],
          "failures": [
            "f0ad402e-0d99-44cb-8cb5-15c832c76e48"
          ],
          "pending": [],
          "skipped": [],
          "duration": 7452,
          "root": false,
          "rootEmpty": false,
          "_timeout": 2000
        }
      ],
      "passes": [],
      "failures": [],
      "pending": [],
      "skipped": [],
      "duration": 0,
      "root": true,
      "rootEmpty": true,
      "_timeout": 2000
    }
  ],
  "meta": {
    "mocha": {
      "version": "7.0.1"
    },
    "mochawesome": {
      "options": {
        "quiet": false,
        "reportFilename": "report",
        "saveHtml": true,
        "saveJson": true,
        "consoleReporter": "spec",
        "useInlineDiffs": false,
        "code": true
      },
      "version": "7.1.3"
    },
    "marge": {
      "options": {
        "charts": true,
        "reportDir": "cypress/results",
        "reportFilename": "report",
        "overwrite": false,
        "html": true,
        "json": true,
        "embeddedScreenshots": true,
        "inlineAssets": true
      },
      "version": "6.2.0"
    }
  }
}